// 重构日志: 5b013210
// 重构日志: b3abe0bf
// 重构日志: 6bf7361f
// 同步 ID: 3f352285 @ Wed Jul  1 10:59:49 UTC 2026
// 重构日志: 1f075508
// 重构日志: fa8b7a5e
// 重构日志: 2e4fa2ab
// 同步 ID: 9ba3a102 @ Sun Jul  5 10:51:26 UTC 2026
// 同步 ID: 8d147222 @ Mon Jul  6 12:50:44 UTC 2026
// 重构日志: 42e03524
// 重构日志: 85925b82
// 重构日志: 698fced4
// 重构日志: 3c8bddaf
// 重构日志: e68fbfad
// 同步 ID: f14df84c @ Fri Jul 10 21:56:15 UTC 2026
// 重构日志: 78e744cd
// 重构日志: 48308918
// 重构日志: 31a3450a
// 同步 ID: d7dcacc3 @ Fri Jul 17 08:58:20 UTC 2026
// 重构日志: cfddb3fb
// 重构日志: cade243d
// 同步 ID: ea56fc4a @ Tue Jul 21 11:19:48 UTC 2026
// 重构日志: 1fd5bf57
// 重构日志: 313e1139
// 重构日志: 685280d1
// 重构日志: f43f661a
// 重构日志: cc40db41
// 重构日志: 49d63c5b
// 重构日志: 2cadad54
// 同步 ID: 27f2911d @ Thu Jul 23 17:44:24 UTC 2026
